<?xml version="1.0" encoding="UTF-8"?>
<!-- Generated by org.testng.reporters.JUnitReportReporter -->
<testsuite hostname="5CD12778NZ" failures="0" tests="10" name="com.ebay.Tests.HomePageTest" time="43.960" errors="0" timestamp="2025-07-15T00:12:38 IST" skipped="0">
  <testcase classname="com.ebay.Tests.HomePageTest" name="TestIsEbayLogoDisplayed" time="3.636"/>
  <system-out/>
  <testcase classname="com.ebay.Tests.HomePageTest" name="TestIsSearchInputFieldDisplayed" time="0.272"/>
  <system-out/>
  <testcase classname="com.ebay.Tests.HomePageTest" name="TestWithoutEnterTextClickOnSearchIcon" time="5.140"/>
  <system-out/>
  <testcase classname="com.ebay.Tests.HomePageTest" name="CheckResultDisplayingAfterEnteringText" time="14.767"/>
  <system-out/>
  <testcase classname="com.ebay.Tests.HomePageTest" name="CheckTopNavigationBarLinks" time="2.208"/>
  <system-out/>
  <testcase classname="com.ebay.Tests.HomePageTest" name="TestLinkCorrectlyRedirecting" time="1.880"/>
  <system-out/>
  <testcase classname="com.ebay.Tests.HomePageTest" name="CheckSignInOption" time="4.056"/>
  <system-out/>
  <testcase classname="com.ebay.Tests.HomePageTest" name="CheckCartIcon" time="0.170"/>
  <system-out/>
  <testcase classname="com.ebay.Tests.HomePageTest" name="TestShopByCategories_Headings" time="6.596"/>
  <system-out/>
  <testcase classname="com.ebay.Tests.HomePageTest" name="TestFooterLinks" time="5.235"/>
  <system-out/>
</testsuite> <!-- com.ebay.Tests.HomePageTest -->
