<?xml version="1.0" encoding="UTF-8"?>
<!-- Generated by org.testng.reporters.JUnitReportReporter -->
<testsuite hostname="5CD12778NZ" failures="0" tests="1" name="com.ebay.ApiTest.EbayApi_Test" time="6.659" errors="0" timestamp="2025-07-07T18:44:03 IST" skipped="0">
  <testcase classname="com.ebay.ApiTest.EbayApi_Test" name="TestEbayAPI" time="6.659"/>
  <system-out/>
</testsuite> <!-- com.ebay.ApiTest.EbayApi_Test -->
