<?xml version="1.0" encoding="UTF-8"?>
<!-- Generated by org.testng.reporters.JUnitReportReporter -->
<testsuite hostname="5CD12778NZ" failures="0" tests="10" name="com.ebay.Tests.HomePageTest" time="74.039" errors="0" timestamp="2025-07-07T13:27:44 IST" skipped="0">
  <testcase classname="com.ebay.Tests.HomePageTest" name="TestIsEbayLogoDisplayed" time="3.835"/>
  <system-out/>
  <testcase classname="com.ebay.Tests.HomePageTest" name="TestIsSearchInputFieldDisplayed" time="0.092"/>
  <system-out/>
  <testcase classname="com.ebay.Tests.HomePageTest" name="TestWithoutEnterTextClickOnSearchIcon" time="3.129"/>
  <system-out/>
  <testcase classname="com.ebay.Tests.HomePageTest" name="CheckResultDisplayingAfterEnteringText" time="52.081"/>
  <system-out/>
  <testcase classname="com.ebay.Tests.HomePageTest" name="CheckTopNavigationBarLinks" time="0.061"/>
  <system-out/>
  <testcase classname="com.ebay.Tests.HomePageTest" name="TestLinkCorrectlyRedirecting" time="1.276"/>
  <system-out/>
  <testcase classname="com.ebay.Tests.HomePageTest" name="CheckSignInOption" time="2.717"/>
  <system-out/>
  <testcase classname="com.ebay.Tests.HomePageTest" name="CheckCartIcon" time="0.096"/>
  <system-out/>
  <testcase classname="com.ebay.Tests.HomePageTest" name="TestShopByCategories_Headings" time="6.233"/>
  <system-out/>
  <testcase classname="com.ebay.Tests.HomePageTest" name="TestFooterLinks" time="4.519"/>
  <system-out/>
</testsuite> <!-- com.ebay.Tests.HomePageTest -->
