<?xml version="1.0" encoding="UTF-8"?>
<!-- Generated by org.testng.reporters.JUnitReportReporter -->
<testsuite hostname="5CD12778NZ" failures="0" tests="1" name="com.ebay.PerformanceTesting.SearchResultLoadTest" time="145.927" errors="0" timestamp="2025-08-01T15:24:14 IST" skipped="0">
  <testcase classname="com.ebay.PerformanceTesting.SearchResultLoadTest" name="SearchResultPage" time="145.927"/>
  <system-out/>
</testsuite> <!-- com.ebay.PerformanceTesting.SearchResultLoadTest -->
