<?xml version="1.0" encoding="UTF-8"?>
<!-- Generated by org.testng.reporters.JUnitReportReporter -->
<testsuite hostname="5CD12778NZ" failures="0" tests="1" name="SignUpTest" time="0.000" errors="0" timestamp="2025-07-07T10:33:29 IST" skipped="1">
  <testcase classname="SignUpTest" name="ClickSignUpButton" time="0.000">
    <skipped/>
  </testcase> <!-- ClickSignUpButton -->
  <system-out/>
</testsuite> <!-- SignUpTest -->
