<?xml version="1.0" encoding="UTF-8"?>
<!-- Generated by org.testng.reporters.JUnitReportReporter -->
<testsuite hostname="5CD12778NZ" failures="0" tests="4" name="com.ebay.PerformanceTesting.HomePageLoadTest" time="127.192" errors="0" timestamp="2025-07-29T00:04:54 IST" skipped="0">
  <testcase classname="com.ebay.PerformanceTesting.HomePageLoadTest" name="HomePagePerformanceTest" time="31.525"/>
  <system-out/>
  <testcase classname="com.ebay.PerformanceTesting.HomePageLoadTest" name="HomePagePerformanceTest" time="31.530"/>
  <system-out/>
  <testcase classname="com.ebay.PerformanceTesting.HomePageLoadTest" name="HomePagePerformanceTest" time="31.503"/>
  <system-out/>
  <testcase classname="com.ebay.PerformanceTesting.HomePageLoadTest" name="HomePagePerformanceTest" time="32.634"/>
  <system-out/>
</testsuite> <!-- com.ebay.PerformanceTesting.HomePageLoadTest -->
