<?xml version="1.0" encoding="UTF-8"?>
<!-- Generated by org.testng.reporters.JUnitReportReporter -->
<testsuite hostname="5CD12778NZ" failures="0" tests="4" name="com.ebay.Tests.SearchResultTest" time="160.999" errors="0" timestamp="2025-07-23T21:06:59 IST" skipped="0">
  <testcase classname="com.ebay.Tests.SearchResultTest" name="VerifySearchResultAfterEnteringText" time="11.861"/>
  <system-out/>
  <testcase classname="com.ebay.Tests.SearchResultTest" name="VerifySearchResultAfterEnteringInvalidText" time="9.349"/>
  <system-out/>
  <testcase classname="com.ebay.Tests.SearchResultTest" name="VerifySortingFunctionalityFromLowestToHighest" time="26.156"/>
  <system-out/>
  <testcase classname="com.ebay.Tests.SearchResultTest" name="VerifyPagination" time="113.633"/>
  <system-out/>
</testsuite> <!-- com.ebay.Tests.SearchResultTest -->
