<?xml version="1.0" encoding="UTF-8"?>
<!-- Generated by org.testng.reporters.JUnitReportReporter -->
<testsuite hostname="5CD12778NZ" failures="0" tests="1" name="com.ebay.PerformanceTesting.SearchResultLoadTest" time="149.103" errors="0" timestamp="2025-07-31T01:03:17 IST" skipped="0">
  <testcase classname="com.ebay.PerformanceTesting.SearchResultLoadTest" name="SearchResultPage" time="149.103"/>
  <system-out/>
</testsuite> <!-- com.ebay.PerformanceTesting.SearchResultLoadTest -->
