<?xml version="1.0" encoding="UTF-8"?>
<!-- Generated by org.testng.reporters.JUnitReportReporter -->
<testsuite hostname="5CD12778NZ" failures="0" tests="4" name="com.ebay.Tests.SearchResultTest" time="127.381" errors="0" timestamp="2025-07-26T16:47:44 IST" skipped="0">
  <testcase classname="com.ebay.Tests.SearchResultTest" name="VerifySearchResultAfterEnteringText" time="10.743"/>
  <system-out/>
  <testcase classname="com.ebay.Tests.SearchResultTest" name="VerifySearchResultAfterEnteringInvalidText" time="9.393"/>
  <system-out/>
  <testcase classname="com.ebay.Tests.SearchResultTest" name="VerifySortingFunctionalityFromLowestToHighest" time="8.570"/>
  <system-out/>
  <testcase classname="com.ebay.Tests.SearchResultTest" name="VerifyPagination" time="98.675"/>
  <system-out/>
</testsuite> <!-- com.ebay.Tests.SearchResultTest -->
