<?xml version="1.0" encoding="UTF-8"?>
<!-- Generated by org.testng.reporters.JUnitReportReporter -->
<testsuite hostname="5CD12778NZ" failures="0" tests="1" name="com.ebay.Tests.SignUpTest" time="13.356" errors="0" timestamp="2025-07-26T16:47:44 IST" skipped="0">
  <testcase classname="com.ebay.Tests.SignUpTest" name="ClickSignUpButton" time="13.356"/>
  <system-out/>
</testsuite> <!-- com.ebay.Tests.SignUpTest -->
